INFO 2022-12-08 16:51:10,409 autoreload 11940 13724 Watching for file changes with StatReloader
WARNING 2022-12-08 16:51:13,715 log 11940 10360 Forbidden (CSRF token from the 'X-Csrftoken' HTTP header incorrect.): /auth/login/
WARNING 2022-12-08 16:51:13,715 basehttp 11940 10360 "POST /auth/login/ HTTP/1.1" 403 2553
INFO 2022-12-08 16:51:31,188 basehttp 11940 10360 "GET /auth/login/ HTTP/1.1" 200 3001
INFO 2022-12-08 16:51:43,930 views 11940 10360 Get User Data
INFO 2022-12-08 16:51:44,260 views 11940 10360 User Login Successfully
INFO 2022-12-08 16:51:44,266 basehttp 11940 10360 "POST /auth/login/ HTTP/1.1" 200 45
WARNING 2022-12-08 16:52:04,399 log 11940 10360 Forbidden (CSRF token from the 'X-Csrftoken' HTTP header incorrect.): /auth/signup/
WARNING 2022-12-08 16:52:04,400 basehttp 11940 10360 "POST /auth/signup/ HTTP/1.1" 403 2553
INFO 2022-12-08 16:52:24,284 basehttp 11940 10360 "GET /auth/login/ HTTP/1.1" 200 3001
INFO 2022-12-08 16:52:32,891 views 11940 10360 New User Created
INFO 2022-12-08 16:52:33,227 views 11940 10360 User Login from Signup Page Successfully
INFO 2022-12-08 16:52:33,234 basehttp 11940 10360 "POST /auth/signup/ HTTP/1.1" 200 47
INFO 2022-12-08 16:57:13,175 autoreload 11940 13724 C:\Users\Citrusbug\Desktop\Manthan_Django_Learning\Django_app-logging\logging_proj\auth\views.py changed, reloading.
INFO 2022-12-08 16:57:13,885 autoreload 3136 11184 Watching for file changes with StatReloader
INFO 2022-12-08 16:57:17,610 autoreload 3136 11184 C:\Users\Citrusbug\Desktop\Manthan_Django_Learning\Django_app-logging\logging_proj\auth\views.py changed, reloading.
INFO 2022-12-08 16:57:18,328 autoreload 14000 13208 Watching for file changes with StatReloader
INFO 2022-12-08 16:57:20,973 autoreload 14000 13208 C:\Users\Citrusbug\Desktop\Manthan_Django_Learning\Django_app-logging\logging_proj\auth\views.py changed, reloading.
INFO 2022-12-08 16:57:21,726 autoreload 11900 12640 Watching for file changes with StatReloader
INFO 2022-12-08 16:57:23,321 autoreload 11900 12640 C:\Users\Citrusbug\Desktop\Manthan_Django_Learning\Django_app-logging\logging_proj\auth\views.py changed, reloading.
INFO 2022-12-08 16:57:24,133 autoreload 13280 9600 Watching for file changes with StatReloader
INFO 2022-12-08 16:59:34,509 basehttp 13280 6996 "GET /auth/login/ HTTP/1.1" 200 3001
INFO 2022-12-08 16:59:34,527 basehttp 13280 10644 "GET /static/auth/login.js HTTP/1.1" 304 0
INFO 2022-12-08 16:59:34,528 basehttp 13280 6996 "GET /static/auth/login.css HTTP/1.1" 304 0
INFO 2022-12-08 16:59:46,906 views 13280 6996 Get User Data
INFO 2022-12-08 16:59:47,240 views 13280 6996 User Login Successfully
INFO 2022-12-08 16:59:47,247 basehttp 13280 6996 "POST /auth/login/ HTTP/1.1" 200 45
WARNING 2022-12-08 16:59:59,494 log 13280 6996 Forbidden (CSRF token from the 'X-Csrftoken' HTTP header incorrect.): /auth/login/
WARNING 2022-12-08 16:59:59,495 basehttp 13280 6996 "POST /auth/login/ HTTP/1.1" 403 2553
INFO 2022-12-08 17:12:11,759 autoreload 13280 9600 C:\Users\Citrusbug\Desktop\Manthan_Django_Learning\Django_app-logging\logging_proj\logging_proj\settings.py changed, reloading.
INFO 2022-12-08 17:12:12,505 autoreload 5956 11200 Watching for file changes with StatReloader
INFO 2022-12-08 17:12:14,123 autoreload 5956 11200 C:\Users\Citrusbug\Desktop\Manthan_Django_Learning\Django_app-logging\logging_proj\logging_proj\settings.py changed, reloading.
INFO 2022-12-08 17:12:14,936 autoreload 12540 5328 Watching for file changes with StatReloader
INFO 2022-12-08 17:12:20,791 autoreload 12540 5328 C:\Users\Citrusbug\Desktop\Manthan_Django_Learning\Django_app-logging\logging_proj\logging_proj\settings.py changed, reloading.
INFO 2022-12-08 17:12:21,711 autoreload 13436 4024 Watching for file changes with StatReloader
INFO 2022-12-08 17:15:03,178 autoreload 13436 4024 C:\Users\Citrusbug\Desktop\Manthan_Django_Learning\Django_app-logging\logging_proj\logging_proj\settings.py changed, reloading.
INFO 2022-12-08 17:17:32,012 autoreload 14124 12176 Watching for file changes with StatReloader
INFO 2022-12-08 17:17:43,135 autoreload 14124 12176 C:\Users\Citrusbug\Desktop\Manthan_Django_Learning\Django_app-logging\logging_proj\logging_proj\settings.py changed, reloading.
INFO 2022-12-08 17:17:44,126 autoreload 11132 11408 Watching for file changes with StatReloader
INFO 2022-12-08 17:18:57,973 autoreload 11132 11408 C:\Users\Citrusbug\Desktop\Manthan_Django_Learning\Django_app-logging\logging_proj\logging_proj\settings.py changed, reloading.
INFO 2022-12-08 17:18:58,802 autoreload 14052 13336 Watching for file changes with StatReloader
INFO 2022-12-08 17:19:01,452 autoreload 14052 13336 C:\Users\Citrusbug\Desktop\Manthan_Django_Learning\Django_app-logging\logging_proj\logging_proj\settings.py changed, reloading.
INFO 2022-12-08 17:19:02,235 autoreload 2700 13572 Watching for file changes with StatReloader
INFO 2022-12-08 17:19:10,199 autoreload 2700 13572 C:\Users\Citrusbug\Desktop\Manthan_Django_Learning\Django_app-logging\logging_proj\logging_proj\settings.py changed, reloading.
INFO 2022-12-08 17:19:10,942 autoreload 13636 13020 Watching for file changes with StatReloader
INFO 2022-12-08 17:19:14,647 autoreload 13636 13020 C:\Users\Citrusbug\Desktop\Manthan_Django_Learning\Django_app-logging\logging_proj\logging_proj\settings.py changed, reloading.
